#-----Location of Executables Used by MAKER/EVALUATOR
makeblastdb=/usr/local/apps/blast/ncbi-blast-2.11.0+/bin/makeblastdb #location of NCBI+ makeblastdb executable
blastn=/usr/local/apps/blast/ncbi-blast-2.11.0+/bin/blastn #location of NCBI+ blastn executable
blastx=/usr/local/apps/blast/ncbi-blast-2.11.0+/bin/blastx #location of NCBI+ blastx executable
tblastx=/usr/local/apps/blast/ncbi-blast-2.11.0+/bin/tblastx #location of NCBI+ tblastx executable
formatdb= #location of NCBI formatdb executable
blastall= #location of NCBI blastall executable
xdformat= #location of WUBLAST xdformat executable
blasta= #location of WUBLAST blasta executable
prerapsearch= #location of prerapsearch executable
rapsearch= #location of rapsearch executable
RepeatMasker=/usr/local/apps/repeatmasker/4.1.2-p1/RepeatMasker #location of RepeatMasker executable
exonerate=/usr/local/apps/exonerate/2.4.0/bin/exonerate #location of exonerate executable

#-----Ab-initio Gene Prediction Algorithms
snap=/usr/local/apps/snap/2013-11-29/snap #location of snap executable
gmhmme3= #location of eukaryotic genemark executable
gmhmmp= #location of prokaryotic genemark executable
augustus=/usr/local/apps/busco/Augustus/bin/augustus #location of augustus executable
fgenesh= #location of fgenesh executable
evm= #location of EvidenceModeler executable
tRNAscan-SE= #location of trnascan executable
snoscan= #location of snoscan executable

#-----Other Algorithms
probuild= #location of probuild executable (required for genemark)
